<?xml version="1.0" encoding="UTF-8"?>
<!-- Generated by org.testng.reporters.JUnitXMLReporter -->
<testsuite ignored="0" hostname="DESKTOP-K54VKPM" failures="0" tests="16" name="Test" time="75.557" errors="0" timestamp="2023-06-13T09:13:07 IST">
  <testcase classname="TestCases.DemoWebShop_Register_TestCase" name="register" time="2.946"/>
  <testcase classname="TestCases.DemoWebShop_Register_TestCase" name="register" time="2.548"/>
  <testcase classname="TestCases.DemoWebShop_Register_TestCase" name="register" time="2.746"/>
  <testcase classname="TestCases.DemoWebShop_Register_TestCase" name="register" time="2.768"/>
  <testcase classname="TestCases.DemoWebShopLoginTestCase" name="login" time="2.825"/>
  <testcase classname="TestCases.DemoWebShopLoginTestCase" name="login" time="2.802"/>
  <testcase classname="TestCases.SearchBoxTestCase" name="demo" time="1.139"/>
  <testcase classname="TestCases.SearchBoxTestCase" name="demo" time="0.997"/>
  <testcase classname="TestCases.SearchBoxTestCase" name="demo" time="0.999"/>
  <testcase classname="TestCases.DemoWebShop_FollowUs_TestCase" name="followUs" time="0.156"/>
  <testcase classname="TestCases.DemoWebShop_Electronics_TestCase" name="elctronics" time="1.943"/>
  <testcase classname="TestCases.DemoWebShop_DropDown_TestCase" name="dropdown" time="2.085"/>
  <testcase classname="TestCases.SubscribeTestCase" name="demo" time="1.693"/>
  <testcase classname="TestCases.SubscribeTestCase" name="demo" time="0.823"/>
  <testcase classname="TestCases.SubscribeTestCase" name="demo" time="1.07"/>
  <testcase classname="TestCases.DemowebShopVoteTestCase" name="demo" time="0.296"/>
</testsuite> <!-- Test -->
