<?xml version="1.0" encoding="UTF-8"?>
<!-- Generated by org.testng.reporters.JUnitXMLReporter -->
<testsuite ignored="0" hostname="DESKTOP-K54VKPM" failures="0" tests="3" name="Test" time="0.127" errors="0" timestamp="2023-05-30T12:37:25 IST">
  <testcase classname="TestNGBasics.WorkingWithTestNg" name="Demo" time="0.023"/>
  <testcase classname="TestNGBasics.WorkingWithTestNg" name="Demo1" time="0.006"/>
  <testcase classname="TestNGBasics.WorkingWithTestNg" name="Demo2" time="0.007"/>
</testsuite> <!-- Test -->
